make all --print-data-base --no-builtin-variables --no-builtin-rules --question
# GNU Make 4.2.1
# Built for x86_64-suse-linux-gnu
# Copyright (C) 1988-2016 Free Software Foundation, Inc.
# License GPLv3+: GNU GPL version 3 or later <http://gnu.org/licenses/gpl.html>
# This is free software: you are free to change and redistribute it.
# There is NO WARRANTY, to the extent permitted by law.

# Make data base, printed on Sat Jun 18 21:17:43 2022

# Variables

# environment
WEBBROWSER = firefox
# automatic
<D = $(patsubst %/,%,$(dir $<))
# automatic
?F = $(notdir $?)
# default
.SHELLFLAGS := -c
# environment
XDG_SESSION_CLASS = user
# environment
VSCODE_AGENT_FOLDER = /home/y/yizhangl/.vscode-server
# environment
XDG_SESSION_TYPE = tty
# environment
VSCODE_LOG_NATIVE = false
# environment
GTK3_MODULES = unity-gtk-module
# automatic
?D = $(patsubst %/,%,$(dir $?))
# environment
JAVA_ROOT = /usr/lib64/jvm/java
# environment
FIGNORE = .o:.class
# automatic
@D = $(patsubst %/,%,$(dir $@))
# automatic
@F = $(notdir $@)
# default
MAKE_VERSION := 4.2.1
# makefile
CURDIR := /home/y/yizhangl/cs213/A9/Q5/code
# makefile
SHELL = /bin/sh
# environment
CONFIG_SITE = /usr/share/site/x86_64-unknown-linux-gnu
# environment
VSCODE_NLS_CONFIG = {"locale":"en","availableLanguages":{}}
# environment
_ = /usr/bin/make
# makefile (from 'Makefile', line 1)
CFLAGS = -std=gnu11 -g
# environment
XDG_CONFIG_DIRS = /cs/local/generic/share/xfce/xdg:/cs/local/generic/share/xfce/xdg:/etc/xdg
# environment
LESSOPEN = lessopen.sh %s
# makefile (from 'Makefile', line 1)
MAKEFILE_LIST :=  Makefile
# environment
MINICOM = -c on
# 'override' directive
GNUMAKEFLAGS := 
# environment
XDG_DATA_DIRS = /cs/local/generic/share/xfce/share:/cs/local/generic/share/xfce/share:/home/y/yizhangl/.local/share/flatpak/exports/share:/var/lib/flatpak/exports/share:/usr/local/share:/usr/share
# environment
LIBGL_DEBUG = quiet
# environment
DBUS_SESSION_BUS_ADDRESS = unix:path=/run/user/2956126/bus
# environment
VSCODE_VERBOSE_LOGGING = true
# environment
MACHTYPE = x86_64-suse-linux
# environment
INFOPATH = /cs/local/generic/info:/usr/local/info:/usr/info:/usr/share/info:.
# environment
USER = yizhangl
# environment
VSCODE_CWD = /home/y/yizhangl
# environment
SSH_CONNECTION = 206.87.157.90 59910 198.162.33.37 22
# environment
PATH = /home/y/yizhangl/.vscode-server/bin/4af164ea3a06f701fe3e89a2bcbb421d2026b68f/bin/remote-cli:/cs/local/bin:/cs/local/generic/bin:/cs/local/bin/pbm+:/bin:/usr/ucb:/usr/bin:/home/y/yizhangl/bin:/home/y/yizhangl/bin/ix64linux:/usr/local/bin:/var/cfengine/bin:/usr/lib/mit/bin
# environment
define BASH_FUNC_mc%%
() {  . /usr/share/mc/mc-wrapper.sh
}
endef
# environment
XCURSOR_THEME = DMZ
# environment
XDG_RUNTIME_DIR = /run/user/2956126
# environment
BASH_ENV = /home/y/yizhangl/.bashrc
# environment
JAVA_BINDIR = /usr/lib64/jvm/java/bin
# environment
VSCODE_LOG_STACK = false
# environment
VSCODE_IPC_HOOK_CLI = /run/user/2956126/vscode-ipc-5185b26d-c910-4012-a8b9-5ce199a0494c.sock
# makefile (from 'Makefile', line 4)
LDFLAGS = -pthread
# default
.FEATURES := target-specific order-only second-expansion else-if shortest-stem undefine oneshell archives jobserver output-sync check-symlink load
# environment
LS_COLORS = 
# environment
XAPPLRESDIR = /cs/local/generic/lib/X11/app-defaults
# environment
JDK_HOME = /usr/lib64/jvm/java
# automatic
%F = $(notdir $%)
# environment
VSCODE_PIPE_LOGGING = true
# environment
PWD = /home/y/yizhangl/cs213/A9/Q5/code
# default
.LOADED := 
# environment
QEMU_AUDIO_DRV = pa
# automatic
*D = $(patsubst %/,%,$(dir $*))
# environment
AUDIODRIVER = pulseaudio
# environment
G_BROKEN_FILENAMES = 1
# environment
MANPATH = /usr/local/man:/usr/share/man:/var/cfengine/share/man
# environment
VSCODE_AMD_ENTRYPOINT = vs/workbench/api/node/extensionHostProcess
# environment
EXINIT = set nu showmode showmatch exrc
# environment
HOME = /home/y/yizhangl
# environment
LESSCLOSE = lessclose.sh %s %s
# environment
LESSKEY = /etc/lesskey.bin
# environment
LOGNAME = yizhangl
# environment
G_FILENAME_ENCODING = @locale,UTF-8,ISO-8859-15,CP1252
# environment
APPLICATION_INSIGHTS_NO_DIAGNOSTIC_CHANNEL = true
# automatic
+F = $(notdir $+)
# environment
SDK_HOME = /usr/lib64/jvm/java
# environment
VSCODE_HANDLES_UNCAUGHT_ERRORS = true
# automatic
^D = $(patsubst %/,%,$(dir $^))
# environment
HOSTNAME = pender
# environment
JDK_JAVA_OPTIONS = -Xmx500m
# environment
MAKELEVEL := 0
# environment
COLORTERM = 1
# default
MAKE = $(MAKE_COMMAND)
# default
MAKECMDGOALS := all
# environment
OSTYPE = linux
# environment
XKEYSYMDB = /usr/X11R6/lib/X11/XKeysymDB
# environment
SHLVL = 5
# environment
JRE_HOME = /usr/lib64/jvm/java
# environment
WINDOWMANAGER = /usr/bin/startxfce4
# environment
UBUNTU_MENUPROXY = 1
# environment
LESS_ADVANCED_PREPROCESSOR = no
# environment
JAVA_HOME = /usr/lib64/jvm/java
# environment
XDG_SESSION_ID = 35907
# environment
EDITOR = vi
# environment
LS_OPTIONS = -N --color=none -T 0
# makefile
.DEFAULT_GOAL := all
# makefile (from 'Makefile', line 6)
EXES = aRead
# makefile (from 'Makefile', line 2)
UNAME = $(shell uname)
# environment
CLASSPATH = .
# environment
LESS = -M -I -R
# automatic
%D = $(patsubst %/,%,$(dir $%))
# environment
CPU = x86_64
# environment
CS_MACH = ix64linux
# default
MAKE_COMMAND := make
# environment
PROFILEREAD = true
# default
.VARIABLES := 
# environment
CVS_RSH = ssh
# automatic
*F = $(notdir $*)
# makefile
MAKEFLAGS = pqrR
# environment
MFLAGS = -pqrR
# environment
SSH_CLIENT = 206.87.157.90 59910 22
# environment
MAIL = /var/spool/mail/yizhangl
# automatic
+D = $(patsubst %/,%,$(dir $+))
# environment
BROWSER = /home/y/yizhangl/.vscode-server/bin/4af164ea3a06f701fe3e89a2bcbb421d2026b68f/bin/helpers/browser.sh
# environment
GTK2_MODULES = unity-gtk-module
# environment
CS_BSD = 1
# environment
VSCODE_HANDLES_SIGPIPE = true
# environment
PYTHONSTARTUP = /etc/pythonstart
# 'override' directive
.SHELLSTATUS := 0
# default
MAKEFILES := 
# automatic
<F = $(notdir $<)
# environment
CSHEDIT = emacs
# environment
CS_UNIX = bsd
# environment
PAGER = less
# environment
LC_ALL = C
# environment
HOSTTYPE = x86_64
# automatic
^F = $(notdir $^)
# environment
FROM_HEADER = 
# default
SUFFIXES := 
# environment
HISTSIZE = 1000
# environment
XNLSPATH = /usr/share/X11/nls
# default
.INCLUDE_DIRS = /usr/include /usr/local/include /usr/include
# environment
MORE = -sl
# environment
SDL_AUDIODRIVER = pulse
# default
.RECIPEPREFIX := 
# environment
define BASH_FUNC_use%%
() {  eval `/cs/local/generic/bin/use $*`
}
endef
# environment
GPG_TTY = not a tty
# default
MAKE_HOST := x86_64-suse-linux-gnu
# environment
LANG = C
# environment
QT_SYSTEM_DIR = /usr/share/desktop-data
# environment
VSCODE_EXTHOST_WILL_SEND_SOCKET = true
# environment
PILOTPORT = usb:
# environment
HOST = pender
# variable set hash-table stats:
# Load=134/1024=13%, Rehash=0, Collisions=14/166=8%

# Pattern-specific Variable Values

# No pattern-specific variable values.

# Directories

 
# . (device 59, inode 23598887564): 22 files, no impossibilities.

# 22 files, no impossibilities in 1 directories.

# Implicit Rules

# No implicit rules.

# Files

all: aRead
#  Command line target.
#  Implicit rule search has been done.
#  File does not exist.
#  File has been updated.
#  Successfully updated.

# Not a target:
queue.o:
#  Implicit rule search has been done.
#  Last modified 2022-06-18 16:33:26.534692
#  File has been updated.
#  Successfully updated.

# Not a target:
Makefile:
#  Implicit rule search has been done.
#  Last modified 2022-06-18 16:34:54.082716
#  File has been updated.
#  Successfully updated.

# Not a target:
.DEFAULT:
#  Implicit rule search has not been done.
#  Modification time never checked.
#  File has not been updated.

# Not a target:
uthread.o:
#  Implicit rule search has been done.
#  Last modified 2022-06-18 16:33:26.585138
#  File has been updated.
#  Successfully updated.

clean:
#  Implicit rule search has not been done.
#  Modification time never checked.
#  File has not been updated.
#  recipe to execute (from 'Makefile', line 11):
	rm -f *.o $(EXES); rm -rf *.dSYM

aRead: aRead.o disk.o queue.o uthread.o
#  Implicit rule search has been done.
#  Last modified 2022-06-18 18:06:51.785549
#  File has been updated.
#  Successfully updated.

tidy:
#  Implicit rule search has not been done.
#  Modification time never checked.
#  File has not been updated.
#  recipe to execute (from 'Makefile', line 13):
	rm -f *.o; rm -rf *.dSYM

# Not a target:
aRead.o:
#  Implicit rule search has been done.
#  Last modified 2022-06-18 18:06:51.738309
#  File has been updated.
#  Successfully updated.

# Not a target:
disk.o:
#  Implicit rule search has been done.
#  Last modified 2022-06-18 16:33:26.502738
#  File has been updated.
#  Successfully updated.

# files hash-table stats:
# Load=11/1024=1%, Rehash=0, Collisions=0/28=0%
# VPATH Search Paths

# No 'vpath' search paths.

# No general ('VPATH' variable) search path.

# strcache buffers: 1 (0) / strings = 29 / storage = 273 B / avg = 9 B
# current buf: size = 8162 B / used = 273 B / count = 29 / avg = 9 B

# strcache performance: lookups = 44 / hit rate = 34%
# hash-table stats:
# Load=29/8192=0%, Rehash=0, Collisions=1/44=2%
# Finished Make data base on Sat Jun 18 21:17:43 2022

 
