make all --print-data-base --no-builtin-variables --no-builtin-rules --question
make: *** No rule to make target 'all'.  Stop.

# GNU Make 4.2.1
# Built for x86_64-suse-linux-gnu
# Copyright (C) 1988-2016 Free Software Foundation, Inc.
# License GPLv3+: GNU GPL version 3 or later <http://gnu.org/licenses/gpl.html>
# This is free software: you are free to change and redistribute it.
# There is NO WARRANTY, to the extent permitted by law.

# Make data base, printed on Thu Jun  2 17:56:12 2022

# Variables

# environment
WEBBROWSER = firefox
# automatic
<D = $(patsubst %/,%,$(dir $<))
# automatic
?F = $(notdir $?)
# default
.SHELLFLAGS := -c
# environment
XDG_SESSION_CLASS = user
# environment
VSCODE_AGENT_FOLDER = /home/y/yizhangl/.vscode-server
# environment
XDG_SESSION_TYPE = tty
# environment
VSCODE_LOG_NATIVE = false
# environment
GTK3_MODULES = unity-gtk-module
# automatic
?D = $(patsubst %/,%,$(dir $?))
# environment
JAVA_ROOT = /usr/lib64/jvm/java
# environment
FIGNORE = .o:.class
# automatic
@D = $(patsubst %/,%,$(dir $@))
# automatic
@F = $(notdir $@)
# default
MAKE_VERSION := 4.2.1
# makefile
CURDIR := /home/y/yizhangl/cs213/A4
# makefile
SHELL = /bin/sh
# environment
CONFIG_SITE = /usr/share/site/x86_64-unknown-linux-gnu
# environment
VSCODE_NLS_CONFIG = {"locale":"en","availableLanguages":{}}
# environment
_ = /usr/bin/make
# environment
XDG_CONFIG_DIRS = /cs/local/generic/share/xfce/xdg:/cs/local/generic/share/xfce/xdg:/etc/xdg
# environment
LESSOPEN = lessopen.sh %s
# makefile
MAKEFILE_LIST := 
# environment
MINICOM = -c on
# 'override' directive
GNUMAKEFLAGS := 
# environment
XDG_DATA_DIRS = /cs/local/generic/share/xfce/share:/cs/local/generic/share/xfce/share:/home/y/yizhangl/.local/share/flatpak/exports/share:/var/lib/flatpak/exports/share:/usr/local/share:/usr/share
# environment
LIBGL_DEBUG = quiet
# environment
DBUS_SESSION_BUS_ADDRESS = unix:path=/run/user/2956126/bus
# environment
VSCODE_VERBOSE_LOGGING = true
# environment
MACHTYPE = x86_64-suse-linux
# environment
INFOPATH = /cs/local/generic/info:/usr/local/info:/usr/info:/usr/share/info:.
# environment
USER = yizhangl
# environment
VSCODE_CWD = /home/y/yizhangl
# environment
SSH_CONNECTION = 206.87.153.137 54566 198.162.33.37 22
# environment
PATH = /home/y/yizhangl/.vscode-server/bin/c3511e6c69bb39013c4a4b7b9566ec1ca73fc4d5/bin/remote-cli:/cs/local/bin:/cs/local/generic/bin:/cs/local/bin/pbm+:/bin:/usr/ucb:/usr/bin:/home/y/yizhangl/bin:/home/y/yizhangl/bin/ix64linux:/usr/local/bin:/var/cfengine/bin:/usr/lib/mit/bin
# environment
define BASH_FUNC_mc%%
() {  . /usr/share/mc/mc-wrapper.sh
}
endef
# environment
XCURSOR_THEME = DMZ
# environment
XDG_RUNTIME_DIR = /run/user/2956126
# environment
BASH_ENV = /home/y/yizhangl/.bashrc
# environment
JAVA_BINDIR = /usr/lib64/jvm/java/bin
# environment
VSCODE_LOG_STACK = false
# environment
VSCODE_IPC_HOOK_CLI = /run/user/2956126/vscode-ipc-d1d3c19c-7cc3-4c6b-9af0-f44c7ce6044e.sock
# default
.FEATURES := target-specific order-only second-expansion else-if shortest-stem undefine oneshell archives jobserver output-sync check-symlink load
# environment
LS_COLORS = 
# environment
XAPPLRESDIR = /cs/local/generic/lib/X11/app-defaults
# environment
JDK_HOME = /usr/lib64/jvm/java
# automatic
%F = $(notdir $%)
# environment
VSCODE_PIPE_LOGGING = true
# environment
PWD = /home/y/yizhangl/cs213/A4
# default
.LOADED := 
# environment
QEMU_AUDIO_DRV = pa
# automatic
*D = $(patsubst %/,%,$(dir $*))
# environment
AUDIODRIVER = pulseaudio
# environment
G_BROKEN_FILENAMES = 1
# environment
MANPATH = /usr/local/man:/usr/share/man:/var/cfengine/share/man
# environment
VSCODE_AMD_ENTRYPOINT = vs/workbench/api/node/extensionHostProcess
# environment
EXINIT = set nu showmode showmatch exrc
# environment
HOME = /home/y/yizhangl
# environment
LESSCLOSE = lessclose.sh %s %s
# environment
LESSKEY = /etc/lesskey.bin
# environment
LOGNAME = yizhangl
# environment
G_FILENAME_ENCODING = @locale,UTF-8,ISO-8859-15,CP1252
# environment
APPLICATION_INSIGHTS_NO_DIAGNOSTIC_CHANNEL = true
# automatic
+F = $(notdir $+)
# environment
SDK_HOME = /usr/lib64/jvm/java
# environment
VSCODE_HANDLES_UNCAUGHT_ERRORS = true
# automatic
^D = $(patsubst %/,%,$(dir $^))
# environment
HOSTNAME = pender
# environment
JDK_JAVA_OPTIONS = -Xmx500m
# environment
MAKELEVEL := 0
# environment
COLORTERM = 1
# default
MAKE = $(MAKE_COMMAND)
# default
MAKECMDGOALS := all
# environment
OSTYPE = linux
# environment
XKEYSYMDB = /usr/X11R6/lib/X11/XKeysymDB
# environment
SHLVL = 5
# environment
JRE_HOME = /usr/lib64/jvm/java
# environment
WINDOWMANAGER = /usr/bin/startxfce4
# environment
UBUNTU_MENUPROXY = 1
# environment
LESS_ADVANCED_PREPROCESSOR = no
# environment
JAVA_HOME = /usr/lib64/jvm/java
# environment
XDG_SESSION_ID = 21742
# environment
EDITOR = vi
# environment
LS_OPTIONS = -N --color=none -T 0
# makefile
.DEFAULT_GOAL := 
# environment
CLASSPATH = .
# environment
LESS = -M -I -R
# automatic
%D = $(patsubst %/,%,$(dir $%))
# environment
CPU = x86_64
# environment
CS_MACH = ix64linux
# default
MAKE_COMMAND := make
# environment
PROFILEREAD = true
# default
.VARIABLES := 
# environment
CVS_RSH = ssh
# automatic
*F = $(notdir $*)
# makefile
MAKEFLAGS = pqrR
# environment
MFLAGS = -pqrR
# environment
SSH_CLIENT = 206.87.153.137 54566 22
# environment
MAIL = /var/spool/mail/yizhangl
# automatic
+D = $(patsubst %/,%,$(dir $+))
# environment
BROWSER = /home/y/yizhangl/.vscode-server/bin/c3511e6c69bb39013c4a4b7b9566ec1ca73fc4d5/bin/helpers/browser.sh
# environment
GTK2_MODULES = unity-gtk-module
# environment
CS_BSD = 1
# environment
VSCODE_HANDLES_SIGPIPE = true
# environment
PYTHONSTARTUP = /etc/pythonstart
# default
MAKEFILES := 
# automatic
<F = $(notdir $<)
# environment
CSHEDIT = emacs
# environment
CS_UNIX = bsd
# environment
PAGER = less
# environment
LC_ALL = C
# environment
HOSTTYPE = x86_64
# automatic
^F = $(notdir $^)
# environment
FROM_HEADER = 
# default
SUFFIXES := 
# environment
HISTSIZE = 1000
# environment
XNLSPATH = /usr/share/X11/nls
# default
.INCLUDE_DIRS = /usr/include /usr/local/include /usr/include
# environment
MORE = -sl
# environment
SDL_AUDIODRIVER = pulse
# default
.RECIPEPREFIX := 
# environment
define BASH_FUNC_use%%
() {  eval `/cs/local/generic/bin/use $*`
}
endef
# environment
GPG_TTY = not a tty
# default
MAKE_HOST := x86_64-suse-linux-gnu
# environment
LANG = C
# environment
QT_SYSTEM_DIR = /usr/share/desktop-data
# environment
VSCODE_EXTHOST_WILL_SEND_SOCKET = true
# environment
PILOTPORT = usb:
# environment
HOST = pender
# variable set hash-table stats:
# Load=129/1024=13%, Rehash=0, Collisions=14/151=9%

# Pattern-specific Variable Values

# No pattern-specific variable values.

# Directories

# . (device 59, inode 23509429636): 6 files, no impossibilities.

# 6 files, no impossibilities in 1 directories.

# Implicit Rules

# No implicit rules.

# Files

# Not a target:
all:
#  Command line target.
 
#  Implicit rule search has been done.
#  File does not exist.
#  File has not been updated.

# Not a target:
Makefile:
#  Implicit rule search has been done.
#  File does not exist.
#  File has been updated.
#  Failed to be updated.

# Not a target:
makefile:
#  Implicit rule search has been done.
#  File does not exist.
#  File has been updated.
#  Failed to be updated.

# Not a target:
.DEFAULT:
#  Implicit rule search has not been done.
#  Modification time never checked.
#  File has not been updated.

# Not a target:
GNUmakefile:
#  Implicit rule search has been done.
#  File does not exist.
#  File has been updated.
#  Failed to be updated.

# files hash-table stats:
# Load=6/1024=1%, Rehash=0, Collisions=0/15=0%
# VPATH Search Paths

# No 'vpath' search paths.

# No general ('VPATH' variable) search path.

# strcache buffers: 1 (0) / strings = 14 / storage = 107 B / avg = 7 B
# current buf: size = 8162 B / used = 107 B / count = 14 / avg = 7 B

# strcache performance: lookups = 17 / hit rate = 17%
# hash-table stats:
# Load=14/8192=0%, Rehash=0, Collisions=1/17=6%
# Finished Make data base on Thu Jun  2 17:56:12 2022

 
