make all --print-data-base --no-builtin-variables --no-builtin-rules --question
# GNU Make 4.2.1
# Built for x86_64-pc-linux-gnu
# Copyright (C) 1988-2016 Free Software Foundation, Inc.
# License GPLv3+: GNU GPL version 3 or later <http://gnu.org/licenses/gpl.html>
# This is free software: you are free to change and redistribute it.
# There is NO WARRANTY, to the extent permitted by law.

# Make data base, printed on Wed Oct 19 20:11:43 2022

# Variables

# environment
WEBBROWSER = firefox
# automatic
<D = $(patsubst %/,%,$(dir $<))
# automatic
?F = $(notdir $?)
# default
.SHELLFLAGS := -c
# environment
XDG_SESSION_CLASS = user
# environment
VSCODE_AGENT_FOLDER = /home/y/yizhangl/.vscode-server
# environment
XDG_SESSION_TYPE = tty
# automatic
?D = $(patsubst %/,%,$(dir $?))
# environment
FIGNORE = .o:.class
# automatic
@D = $(patsubst %/,%,$(dir $@))
# automatic
@F = $(notdir $@)
# default
MAKE_VERSION := 4.2.1
# makefile
CURDIR := /home/y/yizhangl/cs213/A10
# makefile
SHELL = /bin/sh
# environment
VSCODE_NLS_CONFIG = {"locale":"en","availableLanguages":{}}
# environment
_ = /home/y/yizhangl/.vscode-server/bin/74b1f979648cc44d385a2286793c226e611f59e7/node
# environment
XDG_CONFIG_DIRS = /cs/local/generic/share/xfce/xdg:/cs/local/generic/share/xfce/xdg:
# makefile
MAKEFILE_LIST := 
# 'override' directive
GNUMAKEFLAGS := 
# environment
XDG_DATA_DIRS = /cs/local/generic/share/xfce/share:/cs/local/generic/share/xfce/share:/usr/local/share:/usr/share:/var/lib/snapd/desktop
# environment
DBUS_SESSION_BUS_ADDRESS = unix:path=/run/user/2956126/bus
# environment
INFOPATH = /cs/local/generic/info:/usr/local/info:/usr/info:/usr/share/info:.
# environment
VSCODE_CWD = /home/y/yizhangl
# environment
SSH_CONNECTION = 128.189.24.73 58707 198.162.33.37 22
# environment
PATH = /home/y/yizhangl/.vscode-server/bin/74b1f979648cc44d385a2286793c226e611f59e7/bin/remote-cli:/cs/local/bin:/cs/local/generic/bin:/cs/local/bin/pbm+:/bin:/usr/ucb:/usr/bin:/home/y/yizhangl/bin:/home/y/yizhangl/bin/ix64linux:/usr/local/sbin:/usr/local/bin:/usr/sbin:/sbin:/usr/games:/usr/local/games:/snap/bin:/var/cfengine/bin
# environment
XDG_RUNTIME_DIR = /run/user/2956126
# environment
BASH_ENV = /home/y/yizhangl/.bashrc
# environment
ELECTRON_RUN_AS_NODE = 1
# environment
VSCODE_IPC_HOOK_CLI = /run/user/2956126/vscode-ipc-24521051-5932-4959-bf17-2cc20bb116d1.sock
# default
.FEATURES := target-specific order-only second-expansion else-if shortest-stem undefine oneshell archives jobserver output-sync check-symlink load
# environment
XAPPLRESDIR = /cs/local/generic/lib/X11/app-defaults
# automatic
%F = $(notdir $%)
# environment
PWD = /home/y/yizhangl/cs213/A10
# default
.LOADED := 
# automatic
*D = $(patsubst %/,%,$(dir $*))
# environment
MANPATH = :/var/cfengine/share/man
# environment
VSCODE_AMD_ENTRYPOINT = vs/workbench/api/node/extensionHostProcess
# environment
EXINIT = set nu showmode showmatch exrc
# environment
HOME = /home/y/yizhangl
# environment
LOGNAME = yizhangl
# environment
APPLICATION_INSIGHTS_NO_DIAGNOSTIC_CHANNEL = true
# automatic
+F = $(notdir $+)
# environment
VSCODE_HANDLES_UNCAUGHT_ERRORS = true
# automatic
^D = $(patsubst %/,%,$(dir $^))
# environment
JDK_JAVA_OPTIONS = -Xmx500m
# environment
MAKELEVEL := 0
# default
MAKE = $(MAKE_COMMAND)
# default
MAKECMDGOALS := all
# environment
SHLVL = 1
# environment
XDG_SESSION_ID = 63810
# environment
USER = yizhangl
# makefile
.DEFAULT_GOAL := 
# environment
CLASSPATH = .
# automatic
%D = $(patsubst %/,%,$(dir $%))
# environment
CS_MACH = ix64linux
# default
MAKE_COMMAND := make
# default
.VARIABLES := 
# automatic
*F = $(notdir $*)
# makefile
MAKEFLAGS = pqrR
# environment
MFLAGS = -pqrR
# environment
SSH_CLIENT = 128.189.24.73 58707 22
# automatic
+D = $(patsubst %/,%,$(dir $+))
# environment
BROWSER = /home/y/yizhangl/.vscode-server/bin/74b1f979648cc44d385a2286793c226e611f59e7/bin/helpers/browser.sh
# environment
CS_BSD = 1
# environment
VSCODE_HANDLES_SIGPIPE = true
# default
MAKEFILES := 
# automatic
<F = $(notdir $<)
# environment
CS_UNIX = bsd
# environment
PS1 = \u@\h:\W$ 
# environment
EDITOR = vi
# environment
LC_ALL = C
# automatic
^F = $(notdir $^)
# default
SUFFIXES := 
# default
.INCLUDE_DIRS = /usr/include /usr/local/include /usr/include
# default
.RECIPEPREFIX := 
# default
MAKE_HOST := x86_64-pc-linux-gnu
# environment
LANG = C
# variable set hash-table stats:
# Load=77/1024=8%, Rehash=0, Collisions=11/99=11%

# Pattern-specific Variable Values

# No pattern-specific variable values.

# Directories

# . (device 54, inode 23590686890): 5 files, no impossibilities.

# 5 files, no impossibilities in 1 directories.

# Implicit Rules

# No implicit rules.

# Files

# Not a target:
all:
#  Command line target.
#  Implicit rule search has been done.
#  File does not exist.
#  File has not been updated.

# Not a target:
Makefile:
#  Implicit rule search has been done.
#  File does not exist.
#  File has been updated.
#  Failed to be updated.

# Not a target:
makefile:
#  Implicit rule search has been done.
#  File does not exist.
#  File has been updated.
#  Failed to be updated.

# Not a target:
.DEFAULT:
#  Implicit rule search has not been done.
#  Modification time never checked.
#  File has not been updated.

# Not a target:
GNUmakefile:
#  Implicit rule search has been done.
#  File does not exist.
#  File has been updated.
#  Failed to be updated.

# files hash-table stats:
# Load=6/1024=1%, Rehash=0, Collisions=0/15=0%
# VPATH Search Paths

# No 'vpath' search paths.

# No general ('VPATH' variable) search path.

# strcache buffers: 1 (0) / strings = 13 / storage = 114 B / avg = 8 B
# current buf: size = 8162 B / used = 114 B / count = 13 / avg = 8 B

# strcache performance: lookups = 16 / hit rate = 18%
# hash-table stats:
# Load=13/8192=0%, Rehash=0, Collisions=1/16=6%
# Finished Make data base on Wed Oct 19 20:11:43 2022

 
make: *** No rule to make target 'all'.  Stop.

